<?xml version="1.0" encoding="UTF-8"?>
<!-- Generated by org.testng.reporters.JUnitReportReporter -->
<testsuite hostname="DT01503" name="Data_methods" tests="1" failures="0" timestamp="8 Jan 2020 11:39:55 GMT" time="8.718" errors="0">
  <testcase name="DataMethod" time="8.718" classname="Data_methods"/>
</testsuite> <!-- Data_methods -->
