<?xml version="1.0" encoding="UTF-8"?>
<!-- Generated by org.testng.reporters.JUnitReportReporter -->
<testsuite hostname="DT01503" name="Data_methods" tests="1" failures="0" timestamp="8 Jan 2020 07:20:30 GMT" time="18.173" errors="0">
  <testcase name="DataMethod" time="18.173" classname="Data_methods"/>
</testsuite> <!-- Data_methods -->
